<?xml version="1.0" encoding="UTF-8"?>
<!-- Generated by org.testng.reporters.JUnitXMLReporter -->
<testsuite ignored="0" hostname="KeerthiVikas" failures="1" tests="41" name="EmpRestAPITest" time="20.612" errors="0" timestamp="2023-10-16T13:30:48 IST">
  <testcase classname="com.employeeapi.testCases.TC001_Get_All_Employee" name="checkContentLength" time="0.019">
    <failure type="java.lang.NumberFormatException" message="Cannot parse null string">
      <![CDATA[java.lang.NumberFormatException: Cannot parse null string
at java.base/java.lang.Integer.parseInt(Integer.java:623)
at java.base/java.lang.Integer.parseInt(Integer.java:777)
at com.employeeapi.testCases.TC001_Get_All_Employee.checkContentLength(TC001_Get_All_Employee.java:78)
at java.base/java.util.ArrayList.forEach(ArrayList.java:1596)
... Removed 25 stack frames]]>
    </failure>
  </testcase> <!-- checkContentLength -->
  <testcase classname="com.employeeapi.testCases.TC001_Get_All_Employee" name="checkCookies" time="0.009"/>
  <testcase classname="com.employeeapi.testCases.TC001_Get_All_Employee" name="checkResponseBody" time="0.045"/>
  <testcase classname="com.employeeapi.testCases.TC001_Get_All_Employee" name="checkResponseCode" time="0.005"/>
  <testcase classname="com.employeeapi.testCases.TC001_Get_All_Employee" name="checkResponseTime" time="0.013"/>
  <testcase classname="com.employeeapi.testCases.TC001_Get_All_Employee" name="checkserverType" time="0.007"/>
  <testcase classname="com.employeeapi.testCases.TC001_Get_All_Employee" name="checkstatusLine" time="0.016"/>
  <testcase classname="com.employeeapi.testCases.TC002_Get_Single_Employee_Record" name="checkCacheControl" time="0.002"/>
  <testcase classname="com.employeeapi.testCases.TC002_Get_Single_Employee_Record" name="checkContentType" time="0.001"/>
  <testcase classname="com.employeeapi.testCases.TC002_Get_Single_Employee_Record" name="checkResponseBody" time="0.002"/>
  <testcase classname="com.employeeapi.testCases.TC002_Get_Single_Employee_Record" name="checkResponseTime" time="0.001"/>
  <testcase classname="com.employeeapi.testCases.TC002_Get_Single_Employee_Record" name="checkStatusCode" time="0.002"/>
  <testcase classname="com.employeeapi.testCases.TC002_Get_Single_Employee_Record" name="checkStatusLine" time="0.002"/>
  <testcase classname="com.employeeapi.testCases.TC002_Get_Single_Employee_Record" name="checkserverType" time="0.002"/>
  <testcase classname="com.employeeapi.testCases.TC003_Post_Employee_Record" name="CheckResponseBody" time="0.003"/>
  <testcase classname="com.employeeapi.testCases.TC003_Post_Employee_Record" name="checkCacheControl" time="0.002"/>
  <testcase classname="com.employeeapi.testCases.TC003_Post_Employee_Record" name="checkConnection" time="0.004"/>
  <testcase classname="com.employeeapi.testCases.TC003_Post_Employee_Record" name="checkContentLength" time="0.005"/>
  <testcase classname="com.employeeapi.testCases.TC003_Post_Employee_Record" name="checkContentType" time="0.004"/>
  <testcase classname="com.employeeapi.testCases.TC003_Post_Employee_Record" name="checkResponseTime" time="0.005"/>
  <testcase classname="com.employeeapi.testCases.TC003_Post_Employee_Record" name="checkStatusCode" time="0.002"/>
  <testcase classname="com.employeeapi.testCases.TC003_Post_Employee_Record" name="checkStatusLine" time="0.002"/>
  <testcase classname="com.employeeapi.testCases.TC003_Post_Employee_Record" name="checkVia" time="0.002"/>
  <testcase classname="com.employeeapi.testCases.TC003_Post_Employee_Record" name="checkserverType" time="0.001"/>
  <testcase classname="com.employeeapi.testCases.TC004_PUT_Employee_Record" name="CheckResponseBody" time="0.004"/>
  <testcase classname="com.employeeapi.testCases.TC004_PUT_Employee_Record" name="checkCacheControl" time="0.002"/>
  <testcase classname="com.employeeapi.testCases.TC004_PUT_Employee_Record" name="checkConnection" time="0.003"/>
  <testcase classname="com.employeeapi.testCases.TC004_PUT_Employee_Record" name="checkContentType" time="0.003"/>
  <testcase classname="com.employeeapi.testCases.TC004_PUT_Employee_Record" name="checkResponseTime" time="0.002"/>
  <testcase classname="com.employeeapi.testCases.TC004_PUT_Employee_Record" name="checkStatusCode" time="0.002"/>
  <testcase classname="com.employeeapi.testCases.TC004_PUT_Employee_Record" name="checkStatusLine" time="0.001"/>
  <testcase classname="com.employeeapi.testCases.TC004_PUT_Employee_Record" name="checkVia" time="0.002"/>
  <testcase classname="com.employeeapi.testCases.TC004_PUT_Employee_Record" name="checkserverType" time="0.002"/>
  <testcase classname="com.employeeapi.testCases.TC005_Delete_Employee_Record" name="CheckResponseBody" time="0.003"/>
  <testcase classname="com.employeeapi.testCases.TC005_Delete_Employee_Record" name="checkCacheControl" time="0.002"/>
  <testcase classname="com.employeeapi.testCases.TC005_Delete_Employee_Record" name="checkConnection" time="0.003"/>
  <testcase classname="com.employeeapi.testCases.TC005_Delete_Employee_Record" name="checkResponseTime" time="0.002"/>
  <testcase classname="com.employeeapi.testCases.TC005_Delete_Employee_Record" name="checkStatusCode" time="0.004"/>
  <testcase classname="com.employeeapi.testCases.TC005_Delete_Employee_Record" name="checkStatusLine" time="0.001"/>
  <testcase classname="com.employeeapi.testCases.TC005_Delete_Employee_Record" name="checkVia" time="0.001"/>
  <testcase classname="com.employeeapi.testCases.TC005_Delete_Employee_Record" name="checkserverType" time="0.002"/>
</testsuite> <!-- EmpRestAPITest -->
