<?xml version="1.0" encoding="UTF-8"?>
<!-- Generated by org.testng.reporters.JUnitXMLReporter -->
<testsuite ignored="0" hostname="KeerthiVikas" failures="0" tests="8" name="Default test" time="9.132" errors="0" timestamp="2023-10-16T12:22:26 IST">
  <testcase classname="com.employeeapi.testCases.TC005_Delete_Employee_Record" name="CheckResponseBody" time="0.015"/>
  <testcase classname="com.employeeapi.testCases.TC005_Delete_Employee_Record" name="checkCacheControl" time="0.006"/>
  <testcase classname="com.employeeapi.testCases.TC005_Delete_Employee_Record" name="checkConnection" time="0.002"/>
  <testcase classname="com.employeeapi.testCases.TC005_Delete_Employee_Record" name="checkResponseTime" time="0.002"/>
  <testcase classname="com.employeeapi.testCases.TC005_Delete_Employee_Record" name="checkStatusCode" time="0.002"/>
  <testcase classname="com.employeeapi.testCases.TC005_Delete_Employee_Record" name="checkStatusLine" time="0.002"/>
  <testcase classname="com.employeeapi.testCases.TC005_Delete_Employee_Record" name="checkVia" time="0.002"/>
  <testcase classname="com.employeeapi.testCases.TC005_Delete_Employee_Record" name="checkserverType" time="0.002"/>
</testsuite> <!-- Default test -->
